app/build/intermediates/manifest_merge_blame_file/debug/processDebugMainManifest/manifest-merger-blame-debug-report.txt
1<?xml version="1.0" encoding="utf-8"?>
2<manifest xmlns:android="http://schemas.android.com/apk/res/android"
3    package="com.example.blegame"
4    android:versionCode="1"
5    android:versionName="1.0" >
6
7    <uses-sdk
8        android:minSdkVersion="34"
9        android:targetSdkVersion="35" />
10
11    <!-- Permissions -->
12    <uses-permission android:name="android.permission.BLUETOOTH" />
12-->src\main\AndroidManifest.xml:5:5-67
12-->src\main\AndroidManifest.xml:5:22-65
13    <uses-permission android:name="android.permission.BLUETOOTH_ADMIN" />
13-->src\main\AndroidManifest.xml:6:5-73
13-->src\main\AndroidManifest.xml:6:22-71
14    <uses-permission android:name="android.permission.BLUETOOTH_SCAN" />
14-->src\main\AndroidManifest.xml:7:5-72
14-->src\main\AndroidManifest.xml:7:22-70
15    <uses-permission android:name="android.permission.BLUETOOTH_CONNECT" />
15-->src\main\AndroidManifest.xml:8:5-75
15-->src\main\AndroidManifest.xml:8:22-73
16    <uses-permission android:name="android.permission.ACCESS_FINE_LOCATION" />
16-->src\main\AndroidManifest.xml:9:5-78
16-->src\main\AndroidManifest.xml:9:22-76
17    <uses-permission android:name="android.permission.ACCESS_COARSE_LOCATION" />
17-->src\main\AndroidManifest.xml:10:5-80
17-->src\main\AndroidManifest.xml:10:22-78
18    <uses-permission android:name="android.permission.BLUETOOTH_ADVERTISE" />
18-->src\main\AndroidManifest.xml:11:5-77
18-->src\main\AndroidManifest.xml:11:22-75
19
20    <!-- Feature -->
21    <uses-feature
21-->src\main\AndroidManifest.xml:14:5-89
22        android:name="android.hardware.bluetooth_le"
22-->src\main\AndroidManifest.xml:14:19-63
23        android:required="true" />
23-->src\main\AndroidManifest.xml:14:64-87
24
25    <permission
25-->[androidx.core:core:1.15.0] AndroidManifest.xml:22:5-24:47
26        android:name="com.example.blegame.DYNAMIC_RECEIVER_NOT_EXPORTED_PERMISSION"
26-->[androidx.core:core:1.15.0] AndroidManifest.xml:23:9-81
27        android:protectionLevel="signature" />
27-->[androidx.core:core:1.15.0] AndroidManifest.xml:24:9-44
28
29    <uses-permission android:name="com.example.blegame.DYNAMIC_RECEIVER_NOT_EXPORTED_PERMISSION" />
29-->[androidx.core:core:1.15.0] AndroidManifest.xml:26:5-97
29-->[androidx.core:core:1.15.0] AndroidManifest.xml:26:22-94
30
31    <uses-permission-sdk-23 android:name="android.permission.ACCESS_COARSE_LOCATION" />
31-->[com.polidea.rxandroidble2:rxandroidble:1.11.1] AndroidManifest.xml:14:5-88
31-->[com.polidea.rxandroidble2:rxandroidble:1.11.1] AndroidManifest.xml:14:29-85
32    <uses-permission-sdk-23 android:name="android.permission.ACCESS_FINE_LOCATION" />
32-->[com.polidea.rxandroidble2:rxandroidble:1.11.1] AndroidManifest.xml:15:5-86
32-->[com.polidea.rxandroidble2:rxandroidble:1.11.1] AndroidManifest.xml:15:29-83
33
34    <application
34-->src\main\AndroidManifest.xml:16:5-52:19
35        android:allowBackup="true"
35-->src\main\AndroidManifest.xml:17:9-35
36        android:appComponentFactory="androidx.core.app.CoreComponentFactory"
36-->[androidx.core:core:1.15.0] AndroidManifest.xml:28:18-86
37        android:dataExtractionRules="@xml/data_extraction_rules"
37-->src\main\AndroidManifest.xml:18:9-65
38        android:debuggable="true"
39        android:extractNativeLibs="false"
40        android:fullBackupContent="@xml/backup_rules"
40-->src\main\AndroidManifest.xml:19:9-54
41        android:icon="@mipmap/ic_launcher"
41-->src\main\AndroidManifest.xml:20:9-43
42        android:label="@string/app_name"
42-->src\main\AndroidManifest.xml:21:9-41
43        android:requestLegacyExternalStorage="true"
43-->src\main\AndroidManifest.xml:26:9-52
44        android:roundIcon="@mipmap/ic_launcher_round"
44-->src\main\AndroidManifest.xml:22:9-54
45        android:supportsRtl="true"
45-->src\main\AndroidManifest.xml:23:9-35
46        android:testOnly="true"
47        android:theme="@style/Theme.BLEGame"
47-->src\main\AndroidManifest.xml:24:9-45
48        android:usesCleartextTraffic="true" >
48-->src\main\AndroidManifest.xml:25:9-44
49
50        <!-- Define MainActivity as the launcher activity -->
51        <activity
51-->src\main\AndroidManifest.xml:30:9-35:20
52            android:name="com.example.blegame.MainActivity"
52-->src\main\AndroidManifest.xml:30:19-47
53            android:exported="true" >
53-->src\main\AndroidManifest.xml:30:48-71
54            <intent-filter>
54-->src\main\AndroidManifest.xml:31:13-34:29
55                <action android:name="android.intent.action.MAIN" />
55-->src\main\AndroidManifest.xml:32:17-68
55-->src\main\AndroidManifest.xml:32:25-66
56
57                <category android:name="android.intent.category.LAUNCHER" />
57-->src\main\AndroidManifest.xml:33:17-76
57-->src\main\AndroidManifest.xml:33:27-74
58            </intent-filter>
59        </activity>
60        <activity
60-->src\main\AndroidManifest.xml:37:9-86
61            android:name="com.example.blegame.BLEAppActivity"
61-->src\main\AndroidManifest.xml:37:19-49
62            android:exported="true" >
62-->src\main\AndroidManifest.xml:37:50-73
63        </activity>
64        <activity
64-->src\main\AndroidManifest.xml:38:9-95
65            android:name="com.example.blegame.AdvertisingDataActivity"
65-->src\main\AndroidManifest.xml:38:19-58
66            android:exported="true" >
66-->src\main\AndroidManifest.xml:38:59-82
67        </activity>
68        <activity
68-->src\main\AndroidManifest.xml:39:9-91
69            android:name="com.example.blegame.ServiceListActivity"
69-->src\main\AndroidManifest.xml:39:19-54
70            android:exported="true" >
70-->src\main\AndroidManifest.xml:39:55-78
71        </activity>
72        <!-- GameplayActivity without the MAIN action -->
73        <activity
73-->src\main\AndroidManifest.xml:41:9-89
74            android:name="com.example.blegame.StartGameActivity"
74-->src\main\AndroidManifest.xml:41:19-52
75            android:exported="true" >
75-->src\main\AndroidManifest.xml:41:53-76
76        </activity>
77        <activity
77-->src\main\AndroidManifest.xml:42:9-88
78            android:name="com.example.blegame.GameplayActivity"
78-->src\main\AndroidManifest.xml:42:19-51
79            android:exported="true" >
79-->src\main\AndroidManifest.xml:42:52-75
80        </activity>
81        <!-- Other activities -->
82        <activity
82-->src\main\AndroidManifest.xml:44:9-76
83            android:name="com.example.blegame.WelcomeActivity"
83-->src\main\AndroidManifest.xml:44:19-50
84            android:exported="true" />
84-->src\main\AndroidManifest.xml:44:51-74
85        <activity
85-->src\main\AndroidManifest.xml:45:9-83
86            android:name="com.example.blegame.GameDeviceListActivity"
86-->src\main\AndroidManifest.xml:45:19-57
87            android:exported="true" />
87-->src\main\AndroidManifest.xml:45:58-81
88        <activity
88-->src\main\AndroidManifest.xml:46:9-80
89            android:name="com.example.blegame.MultiplayerActivity"
89-->src\main\AndroidManifest.xml:46:19-54
90            android:exported="true" />
90-->src\main\AndroidManifest.xml:46:55-78
91        <activity
91-->src\main\AndroidManifest.xml:47:9-80
92            android:name="com.example.blegame.SpeedometerActivity"
92-->src\main\AndroidManifest.xml:47:19-54
93            android:exported="true" />
93-->src\main\AndroidManifest.xml:47:55-78
94
95        <meta-data
95-->src\main\AndroidManifest.xml:49:9-51:57
96            android:name="preloaded_fonts"
96-->src\main\AndroidManifest.xml:50:13-43
97            android:resource="@array/preloaded_fonts" />
97-->src\main\AndroidManifest.xml:51:13-54
98
99        <provider
99-->[androidx.emoji2:emoji2:1.3.0] AndroidManifest.xml:24:9-32:20
100            android:name="androidx.startup.InitializationProvider"
100-->[androidx.emoji2:emoji2:1.3.0] AndroidManifest.xml:25:13-67
101            android:authorities="com.example.blegame.androidx-startup"
101-->[androidx.emoji2:emoji2:1.3.0] AndroidManifest.xml:26:13-68
102            android:exported="false" >
102-->[androidx.emoji2:emoji2:1.3.0] AndroidManifest.xml:27:13-37
103            <meta-data
103-->[androidx.emoji2:emoji2:1.3.0] AndroidManifest.xml:29:13-31:52
104                android:name="androidx.emoji2.text.EmojiCompatInitializer"
104-->[androidx.emoji2:emoji2:1.3.0] AndroidManifest.xml:30:17-75
105                android:value="androidx.startup" />
105-->[androidx.emoji2:emoji2:1.3.0] AndroidManifest.xml:31:17-49
106            <meta-data
106-->[androidx.lifecycle:lifecycle-process:2.6.2] AndroidManifest.xml:29:13-31:52
107                android:name="androidx.lifecycle.ProcessLifecycleInitializer"
107-->[androidx.lifecycle:lifecycle-process:2.6.2] AndroidManifest.xml:30:17-78
108                android:value="androidx.startup" />
108-->[androidx.lifecycle:lifecycle-process:2.6.2] AndroidManifest.xml:31:17-49
109            <meta-data
109-->[androidx.profileinstaller:profileinstaller:1.3.1] AndroidManifest.xml:29:13-31:52
110                android:name="androidx.profileinstaller.ProfileInstallerInitializer"
110-->[androidx.profileinstaller:profileinstaller:1.3.1] AndroidManifest.xml:30:17-85
111                android:value="androidx.startup" />
111-->[androidx.profileinstaller:profileinstaller:1.3.1] AndroidManifest.xml:31:17-49
112        </provider>
113
114        <activity
114-->[com.google.android.gms:play-services-base:18.5.0] AndroidManifest.xml:5:9-173
115            android:name="com.google.android.gms.common.api.GoogleApiActivity"
115-->[com.google.android.gms:play-services-base:18.5.0] AndroidManifest.xml:5:19-85
116            android:exported="false"
116-->[com.google.android.gms:play-services-base:18.5.0] AndroidManifest.xml:5:146-170
117            android:theme="@android:style/Theme.Translucent.NoTitleBar" />
117-->[com.google.android.gms:play-services-base:18.5.0] AndroidManifest.xml:5:86-145
118
119        <meta-data
119-->[com.google.android.gms:play-services-basement:18.4.0] AndroidManifest.xml:6:9-122
120            android:name="com.google.android.gms.version"
120-->[com.google.android.gms:play-services-basement:18.4.0] AndroidManifest.xml:6:20-65
121            android:value="@integer/google_play_services_version" />
121-->[com.google.android.gms:play-services-basement:18.4.0] AndroidManifest.xml:6:66-119
122
123        <receiver
123-->[androidx.profileinstaller:profileinstaller:1.3.1] AndroidManifest.xml:34:9-52:20
124            android:name="androidx.profileinstaller.ProfileInstallReceiver"
124-->[androidx.profileinstaller:profileinstaller:1.3.1] AndroidManifest.xml:35:13-76
125            android:directBootAware="false"
125-->[androidx.profileinstaller:profileinstaller:1.3.1] AndroidManifest.xml:36:13-44
126            android:enabled="true"
126-->[androidx.profileinstaller:profileinstaller:1.3.1] AndroidManifest.xml:37:13-35
127            android:exported="true"
127-->[androidx.profileinstaller:profileinstaller:1.3.1] AndroidManifest.xml:38:13-36
128            android:permission="android.permission.DUMP" >
128-->[androidx.profileinstaller:profileinstaller:1.3.1] AndroidManifest.xml:39:13-57
129            <intent-filter>
129-->[androidx.profileinstaller:profileinstaller:1.3.1] AndroidManifest.xml:40:13-42:29
130                <action android:name="androidx.profileinstaller.action.INSTALL_PROFILE" />
130-->[androidx.profileinstaller:profileinstaller:1.3.1] AndroidManifest.xml:41:17-91
130-->[androidx.profileinstaller:profileinstaller:1.3.1] AndroidManifest.xml:41:25-88
131            </intent-filter>
132            <intent-filter>
132-->[androidx.profileinstaller:profileinstaller:1.3.1] AndroidManifest.xml:43:13-45:29
133                <action android:name="androidx.profileinstaller.action.SKIP_FILE" />
133-->[androidx.profileinstaller:profileinstaller:1.3.1] AndroidManifest.xml:44:17-85
133-->[androidx.profileinstaller:profileinstaller:1.3.1] AndroidManifest.xml:44:25-82
134            </intent-filter>
135            <intent-filter>
135-->[androidx.profileinstaller:profileinstaller:1.3.1] AndroidManifest.xml:46:13-48:29
136                <action android:name="androidx.profileinstaller.action.SAVE_PROFILE" />
136-->[androidx.profileinstaller:profileinstaller:1.3.1] AndroidManifest.xml:47:17-88
136-->[androidx.profileinstaller:profileinstaller:1.3.1] AndroidManifest.xml:47:25-85
137            </intent-filter>
138            <intent-filter>
138-->[androidx.profileinstaller:profileinstaller:1.3.1] AndroidManifest.xml:49:13-51:29
139                <action android:name="androidx.profileinstaller.action.BENCHMARK_OPERATION" />
139-->[androidx.profileinstaller:profileinstaller:1.3.1] AndroidManifest.xml:50:17-95
139-->[androidx.profileinstaller:profileinstaller:1.3.1] AndroidManifest.xml:50:25-92
140            </intent-filter>
141        </receiver>
142    </application>
143
144</manifest>